<?xml version="1.0" encoding="UTF-8"?>
<!-- Generated by org.testng.reporters.JUnitXMLReporter -->
<testsuite ignored="7" hostname="Doctor-Buttons" failures="0" tests="1" name="Test" time="12.933" errors="0" timestamp="2022-02-09T18:33:13 CST">
  <testcase classname="com.salesforce.tests.Usermenu.UsermenuTest" name="selectLogout" time="8.266"/>
  <testcase classname="com.salesforce.tests.Usermenu.UsermenuTest" name="selectMyProfileTest" time="0.0">
    <ignored/>
  </testcase> <!-- selectMyProfileTest -->
  <testcase classname="com.salesforce.base.BaseTest" name="@AfterTest endUp" time="0.0">
    <ignored/>
  </testcase> <!-- @AfterTest endUp -->
  <testcase classname="com.salesforce.base.BaseTest" name="@BeforeTest setUp" time="0.0">
    <ignored/>
  </testcase> <!-- @BeforeTest setUp -->
  <testcase classname="com.salesforce.tests.Home.HomeTest" name="enterFormData" time="0.0">
    <ignored/>
  </testcase> <!-- enterFormData -->
  <testcase classname="com.salesforce.tests.Usermenu.UsermenuTest" name="usernameDropdownTest" time="0.0">
    <ignored/>
  </testcase> <!-- usernameDropdownTest -->
  <testcase classname="com.salesforce.tests.Usermenu.UsermenuTest" name="selectMySettingsTest" time="0.0">
    <ignored/>
  </testcase> <!-- selectMySettingsTest -->
  <testcase classname="com.salesforce.tests.Usermenu.UsermenuTest" name="selectDevConsoleTest" time="0.0">
    <ignored/>
  </testcase> <!-- selectDevConsoleTest -->
</testsuite> <!-- Test -->
